1,0
9,18
10,13
11,4
13,14
14,4
18,13
22,18
23,13
24,14
27,3
36,2
37,14
38,4
40,6
41,8
42,13
45,19
46,12
47,12
48,6
49,7
50,2
53,2
56,0
58,1
59,9
64,0
65,17
66,17
68,19
71,2
74,1
75,15
80,0
81,12
82,10
83,2
85,11
86,2
87,2
89,2
93,3
96,5
98,14
100,6
105,6
108,2
109,12
110,13
111,0
113,13
123,0
124,6
125,5
126,8
127,13
128,18
130,0
134,19
135,5
136,12
138,14
139,2
140,8
142,17
143,2
144,7
145,0
146,13
147,18
151,16
152,2
153,5
157,18
160,1
162,18
163,2
164,1
165,2
166,2
167,3
168,18
169,17
183,17
185,19
186,0
187,3
191,13
194,13
196,10
198,6
199,18
201,17
202,14
203,12
210,3
211,12
212,8
213,6
214,13
220,6
225,12
232,7
233,9
236,7
237,12
242,7
246,12
247,19
248,12
249,7
256,12
259,7
260,6
271,6
272,19
273,7
279,6
281,12
284,12
290,15
293,0
299,4
302,12
304,13
314,6
315,0
317,6
322,12
323,6
330,6
331,19
334,0
338,12
342,7
343,18
345,12
349,12
352,7
353,7
354,7
356,0
361,18
362,13
366,5
369,19
371,13
372,13
376,18
377,12
378,10
379,12
381,13
387,5
388,3
389,0
390,0
393,13
399,4
401,13
402,15
404,2
405,18
406,18
407,18
408,18
409,0
410,16
416,6
420,3
422,1
423,2
424,13
435,13
436,13
438,10
439,10
441,18
442,13
447,0
449,3
456,17
461,2
464,2
466,17
467,18
470,2
474,12
478,12
480,18
483,17
484,14
489,7
490,3
494,3
496,13
497,13
498,12
502,7
504,7
505,18
506,2
508,2
509,2
512,2
513,2
514,2
517,2
518,12
521,2
524,6
525,12
528,17
529,2
530,1
531,2
532,19
533,17
534,16
535,17
536,2
538,16
539,16
541,4
543,13
545,19
546,2
547,13
548,2
550,18
551,19
552,0
553,18
554,11
555,13
557,3
558,18
559,5
560,17
562,13
677,12
679,19
680,14
682,13
684,7
686,17
687,18
690,2
691,2
692,2
693,2
695,2
696,12
697,12
698,17
699,14
700,2
701,2
702,2
703,19
704,12
706,13
707,2
712,18
714,13
715,3
718,12
722,11
724,19
725,19
728,17
731,14
732,18
733,13
734,14
735,18
736,13
739,16
741,18
743,13
745,18
748,13
754,7
756,17
757,12
758,14
762,19
764,19
767,18
768,13
773,17
774,4
776,2
778,17
780,16
781,14
783,17
787,19
791,7
793,6
797,19
800,6
811,18
816,6
817,13
818,4
820,19
828,11
835,12
836,5
837,3
839,6
840,18
842,7
844,5
846,17
848,14
849,13
850,13
851,5
852,0
853,12
857,19
859,3
861,4
865,13
866,2
867,6
868,0
873,7
875,7
882,18
883,4
887,4
889,12
894,7
895,6
896,6
899,4
903,12
904,13
918,12
920,4
922,0
924,6
925,7
929,6
930,19
932,19
937,0
939,19
940,6
941,13
945,19
952,7
955,12
960,13
963,0
968,4
969,12
971,12
976,4
977,7
978,18
982,12
983,0
984,18
986,4
991,7
995,13
998,3
1000,13
1003,14
1007,14
1009,17
1010,3
1011,8
1013,8
1015,13
1016,0
1017,14
1019,6
1020,18
1022,7
1024,0
1029,18
1030,6
1032,19
1033,17
1039,19
1040,12
1044,12
1047,0
1052,19
1059,4
1063,17
1065,11
1066,2
1068,6
1070,4
1071,13
1072,12
1074,18
1076,7
1078,12
1080,1
1082,12
1084,3
1085,7
1087,4
1088,7
1090,2
1096,4
1099,19
1101,3
1102,6
1103,12
1104,18
1105,0
1108,10
1111,4
1117,14
1118,5
1122,4
1123,0
1124,10
1125,12
1128,3
1134,17
1135,17
1137,3
1138,14
1147,6
1148,7
1152,0
1153,13
1156,19
1157,14
1159,18
1160,17
1169,2
1170,2
1173,18
1174,6
1176,3
1177,17
1178,4
1181,4
1182,1
1184,6
1188,3
1191,8
1192,14
1193,0
1197,7
1198,3
1200,3
1201,7
1203,18
1205,4
1207,7
1208,0
1209,5
1210,7
1212,7
1213,13
1216,12
1217,19
1220,19
1225,16
1226,7
1228,13
1229,17
1234,11
1238,13
1239,2
1243,18
1244,11
1245,3
1246,7
1251,3
1252,12
1258,14
1260,13
1263,19
1264,17
1265,17
1269,0
1271,16
1272,6
1276,13
1277,2
1280,19
1283,3
1284,16
1285,3
1287,18
1288,16
1291,5
1292,19
1293,17
1298,2
1299,12
1300,19
1301,16
1303,18
1306,7
1308,0
1311,14
1312,7
1313,18
1314,17
1315,0
1316,12
1317,17
1320,17
1322,2
1326,2
1327,17
1328,16
1332,19
1335,19
1339,0
1340,19
1341,11
1342,11
1343,0
1344,17
1345,2
1347,12
1351,17
1354,5
1355,14
1356,7
1359,13
1360,18
1363,2
1364,3
1366,3
1367,3
1375,8
1378,11
1379,18
1381,4
1382,2
1384,17
1387,7
1391,13
1404,17
1406,19
1409,0
1412,18
1414,7
1420,2
1425,18
1427,12
1428,8
1429,19
1433,8
1434,19
1438,8
1440,7
1445,14
1446,16
1449,16
1452,17
1456,0
1457,0
1460,17
1461,17
1466,0
1467,17
1469,14
1471,2
1477,19
1478,7
1480,19
1483,2
1488,18
1492,17
1494,17
1496,2
1497,19
1498,6
1499,7
1500,19
1502,0
1506,19
1512,18
1519,12
1524,17
1525,17
1526,5
1527,17
1528,14
1529,10
1532,17
1536,17
1537,12
1541,14
1543,17
1545,2
1546,2
1550,12
1554,17
1555,2
1562,13
1563,12
1564,17
1566,17
1567,2
1568,2
1569,4
1571,13
1572,0
1575,13
1577,5
1579,7
1581,18
1584,18
1585,3
1586,2
1588,12
1598,13
1601,19
1602,8
1606,19
1608,8
1610,17
1616,7
1620,19
1622,13
1623,12
1626,19
1628,5
1631,7
1633,16
1634,13
1638,3
1639,14
1642,17
1643,16
1644,4
1648,2
1649,18
1650,1
1651,4
1653,2
1655,14
1656,7
1657,18
1658,8
1659,18
1665,19
1666,18
1667,5
1673,18
1675,12
1676,19
1677,17
1678,18
1679,13
1680,7
1681,6
1682,19
1684,5
1686,12
1688,4
1689,3
1692,7
1693,19
1694,0
1696,6
1706,8
1708,2
1711,7
1714,2
1715,12
1716,2
1718,12
1722,4
1723,12
1727,17
1729,13
1731,7
1732,0
1734,1
1735,13
1739,13
1740,18
1741,13
1747,18
1751,0
1752,14
1759,14
1760,5
1763,2
1764,1
1765,3
1767,2
1768,14
1769,11
1771,13
1773,6
1783,2
1785,12
1787,18
1789,0
1790,12
1794,18
1797,11
1798,18
1801,12
1803,17
1808,13
1809,7
1814,2
1815,9
1816,19
1820,11
1824,2
1832,19
1835,5
1836,13
1837,14
1839,7
1842,0
1845,7
1846,4
1847,18
1849,4
1853,4
1858,12
1861,3
1862,19
1863,7
1871,7
1872,16
1873,2
1875,13
1877,14
1880,7
1885,6
1886,12
1889,12
1897,7
1898,12
1902,19
1909,7
1910,6
1912,6
1913,6
1916,7
1917,6
1918,19
1919,6
1920,12
1924,10
1932,6
1933,6
1934,7
1946,6
1948,19
1949,12
1951,7
1959,12
1960,12
1963,7
1971,9
1975,12
1983,9
1990,0
1994,12
1995,6
1996,13
2000,12
2001,19
2005,4
2006,12
2010,12
2012,12
2013,12
2016,14
2020,17
2024,5
2025,7
2026,8
2027,9
2028,8
2029,4
2033,8
2039,13
2042,17
2046,13
2047,17
2048,8
2049,2
2054,7
2055,4
2056,13
2064,12
2065,10
2073,12
2079,13
2080,13
2089,4
2092,17
2097,12
2099,17
2101,17
2102,19
2107,19
2108,13
2109,10
2110,12
2112,17
2114,13
2115,7
2116,0
2118,12
2121,12
2126,18
2128,12
2130,7
2133,4
2137,4
2148,17
2149,10
2151,18
2153,2
2154,2
2155,7
2159,13
2163,11
2167,16
2173,0
2175,7
2182,17
2188,14
2194,3
2196,0
2198,13
2202,12
2203,0
2205,4
2206,18
2211,2
2212,3
2213,2
2219,5
2221,3
2224,5
2225,18
2227,14
2228,12
2230,13
2231,0
2234,16
2236,3
2237,18
2238,2
2239,13
2240,18
2246,19
2247,7
2249,14
2251,12
2252,14
2253,4
2257,7
2259,13
2260,0
2265,19
2266,17
2268,13
2270,16
2271,12
2273,1
2275,14
2276,14
2279,4
2281,5
2291,13
2297,18
2298,17
2301,19
2303,0
2304,17
2307,0
2308,13
2309,14
2310,12
2312,13
2316,8
2320,17
2322,13
2323,18
2325,19
2326,12
2332,2
2333,8
2335,16
2337,17
2338,4
2339,2
2340,11
2342,8
2344,18
2346,2
2347,2
2348,11
2350,3
2353,3
2357,0
2365,18
2366,0
2370,19
2374,6
2375,13
2376,7
2379,13
2380,3
2383,7
2385,2
2386,3
2391,2
2393,3
2396,2
2397,11
2398,18
2405,0
2409,17
2410,18
2411,18
2417,12
2419,12
2421,1
2428,0
2429,16
2433,4
2434,18
2435,0
2437,16
2440,11
2447,19
2449,19
2458,8
2459,17
2462,13
2467,12
2468,0
2470,18
2471,8
2474,0
2475,12
2476,19
2478,16
2479,14
2482,11
2483,4
2484,14
2488,16
2490,17
2491,18
2492,19
2494,2
2496,4
2499,7
2500,13
2504,17
2505,0
2512,18
2513,12
2517,7
2518,16
2519,16
2520,12
2522,0
2526,5
2528,18
2529,6
2530,19
2532,18
2534,5
2538,12
2539,14
2540,5
2542,12
2543,18
2544,0
2546,13
2548,17
2549,13
2550,12
2551,5
2552,5
2553,12
2554,12
2555,6
2558,8
2559,7
2560,0
2561,17
2562,4
2565,12
2566,17
2567,14
2568,17
2569,18
2570,13
2574,19
2577,5
2578,19
2579,2
2580,4
2583,18
2584,2
2585,13
2590,17
2591,2
2593,17
2596,13
2602,14
2604,18
2606,12
2608,2
2609,13
2611,18
2613,16
2619,10
2620,7
2630,2
2635,12
2637,13
2638,13
2645,14
2647,12
2648,7
2650,18
2652,7
2658,8
2659,17
2660,19
2663,8
2664,13
2666,4
2667,3
2671,19
2672,18
2674,4
2677,19
2681,12
2687,14
2688,12
2691,1
2693,4
2695,0
2699,12
2700,16
2708,3
2711,0
2714,5
2718,3
2720,13
2722,4
2725,12
2728,13
2729,0
2737,12
2742,12
2744,1
2746,7
2748,3
2750,3
2751,17
2752,17
2754,14
2756,16
2757,3
2760,13
2761,16
2762,12
2763,19
2764,7
2765,6
2767,19
2768,13
2769,18
2771,11
2772,2
2773,2
2775,12
2779,2
2781,11
2783,13
2785,12
2787,2
2789,4
2791,12
2792,12
2797,18
2799,13
2800,0
2802,13
2803,0
2806,1
2807,16
2809,2
2810,18
2813,13
2815,19
2818,0
2819,12
2820,14
2825,16
2826,16
2827,0
2833,13
2834,14
2836,17
2838,19
2839,17
2843,6
2847,18
2849,2
2850,14
2853,12
2856,8
2858,0
2862,7
2866,14
2867,18
2872,0
2873,17
2877,14
2884,18
2886,2
2887,3
2890,13
2896,5
2897,19
2898,19
2902,18
2907,13
2908,2
2912,19
2915,2
2916,0
2917,13
2918,14
2919,8
2920,18
2924,13
2926,18
2927,18
2928,11
2929,4
2930,12
2933,19
2938,8
2944,12
2945,13
2946,18
2948,13
2950,12
2951,12
2952,9
2953,0
2954,19
2955,12
2956,12
2958,12
2959,12
2960,4
2961,4
2962,4
2963,4
2964,7
2965,12
2968,12
2970,12
2971,12
2973,7
2976,12
2979,12
2982,0
2983,12
2985,6
2993,6
2994,6
2998,12
2999,19
3001,12
3003,12
3007,13
3008,11
3009,19
3013,13
3023,13
3025,18
3026,18
3028,12
3034,7
3038,13
3039,5
3040,12
3042,18
3043,13
3046,18
3047,12
3048,7
3053,19
3056,12
3062,12
3063,5
3067,18
3069,19
3071,5
3072,13
3073,6
3077,18
3078,7
3080,5
3085,13
3086,19
3089,19
3091,0
3092,9
3093,18
3094,5
3095,19
3096,18
3100,18
3103,12
3107,19
3110,12
3111,12
3115,19
3117,0
3118,0
3122,12
3128,9
3129,18
3131,9
3133,9
3139,13
3142,13
3152,19
3153,18
3154,18
3157,18
3161,13
3166,13
3168,19
3176,13
3180,0
3184,18
3187,12
3189,13
3192,12
3194,18
3198,13
3199,7
3204,19
3205,13
3216,9
3217,12
3219,9
3222,12
3223,5
3225,12
3228,19
3229,5
3239,5
3241,0
3243,0
3251,19
3252,19
3253,9
3254,18
3256,7
3258,18
3259,19
3261,13
3263,19
3264,13
3266,13
3269,0
3271,13
3273,7
3275,12
3276,19
3277,6
3285,12
3287,13
3290,18
3295,18
3298,13
3302,19
3303,13
3309,19
3313,0
3320,13
3322,18
3327,18
3329,12
3332,12
3336,13
3342,13
3344,13
3345,5
3347,12
3348,0
3349,19
3351,12
3352,12
3356,13
3360,9
3364,7
3367,18
3371,6
3372,7
3377,18
3378,12
3380,0
3381,13
3382,18
3384,18
3387,19
3389,13
3390,12
3394,13
3395,19
3396,12
3399,18
3400,18
3405,0
3409,19
3413,5
3415,13
3416,5
3417,5
3418,5
3420,0
3422,5
3425,18
3430,7
3433,12
3435,12
3440,12
3441,7
3442,12
3446,7
3449,12
3452,7
3455,7
3456,4
3459,19
3461,12
3463,0
3466,6
3468,4
3469,19
3472,12
3473,7
3474,4
3477,5
3480,4
3482,12
3483,12
3486,4
3490,12
3491,19
3492,12
3505,6
3507,0
3509,12
3511,12
3514,12
3517,4
3520,12
3526,12
3528,12
3533,12
3534,12
3539,12
3542,12
3543,3
3545,3
3547,5
3553,7
3554,6
3556,7
3557,3
3559,18
3563,12
3564,6
3565,19
3569,4
3571,7
3572,12
3573,13
3575,18
3577,12
3578,13
3579,4
3580,2
3582,17
3584,12
3585,4
3587,12
3589,19
3592,19
3594,7
3596,0
3597,6
3598,18
3599,5
3601,2
3602,3
3603,11
3604,17
3605,13
3607,18
3609,7
3612,0
3619,0
3620,13
3622,18
3623,18
3624,4
3625,18
3626,14
3629,4
3630,6
3631,16
3632,5
3633,17
3634,3
3637,17
3639,6
3643,19
3645,12
3647,2
3649,4
3651,2
3652,18
3660,12
3661,6
3667,17
3668,17
3669,14
3672,3
3673,18
3674,2
3676,17
3680,14
3681,1
3684,19
3688,6
3694,6
3695,17
3697,17
3699,13
3701,12
3702,9
3704,18
3707,19
3711,12
3713,16
3717,6
3721,4
3730,17
3734,2
3735,12
3738,3
3740,8
3742,13
3743,0
3744,13
3747,13
3750,11
3751,1
3755,16
3757,2
3759,13
3760,10
3762,12
3763,2
3764,2
3765,11
3768,3
3770,7
3771,14
3772,11
3774,2
3775,13
3777,0
3779,12
3782,17
3784,17
3785,3
3786,4
3787,11
3788,2
3790,18
3792,0
3793,18
3795,12
3796,12
3797,12
3800,12
3801,14
3806,14
3807,11
3808,11
3817,14
3821,19
3825,9
3828,0
3830,19
3831,18
3833,5
3838,12
3839,5
3840,1
3841,13
3843,19
3846,0
3853,8
3856,18
3857,18
3858,11
3860,17
3864,13
3865,0
3867,10
3870,3
3872,14
3873,19
3874,16
3875,2
3879,18
3884,0
3886,13
3890,0
3893,0
3894,14
3895,17
3899,0
3900,3
3902,7
3903,17
3905,2
3908,1
3909,14
3910,18
3912,13
3916,12
3917,2
3918,12
3920,5
3922,17
3926,13
3928,7
3930,0
3931,7
3933,5
3934,13
3937,0
3939,19
3944,11
3946,8
3948,5
3951,0
3952,8
3954,4
3957,7
3958,8
3960,19
3961,13
3968,4
3970,18
3971,17
3973,12
3977,14
3980,0
3982,12
3984,12
3985,13
3989,17
3990,12
3991,19
3993,5
3994,4
3996,17
3997,13
3999,5
4000,14
4012,3
4014,4
4015,8
4019,0
4021,17
4023,18
4025,2
4026,7
4027,7
4028,7
4029,14
4031,7
4033,12
4036,6
4038,7
4039,7
4041,12
4043,13
4048,7
4051,19
4052,12
4055,12
4061,12
4063,7
4064,19
4065,10
4066,18
4067,12
4069,12
4071,12
4074,6
4075,12
4080,6
4081,0
4084,6
4085,4
4088,12
4089,4
4091,6
4092,4
4094,4
4096,7
4097,12
4098,6
4099,13
4100,4
4105,4
4106,12
4107,12
4111,1
4113,6
4115,6
4117,6
4120,0
4123,4
4125,12
4127,12
4129,7
4132,6
4135,12
4139,7
4141,17
4142,14
4143,13
4144,2
4145,0
4146,13
4149,4
4153,12
4155,17
4156,12
4157,14
4159,13
4160,0
4161,0
4165,12
4167,13
4169,17
4170,7
4172,7
4174,7
4175,13
4176,17
4177,2
4178,18
4182,18
4184,17
4189,17
4192,7
4193,11
4194,17
4201,19
4204,12
4205,1
4210,2
4212,0
4215,12
4216,17
4218,4
4219,17
4220,17
4223,0
4227,18
4228,2
4229,18
4233,7
4235,13
4237,12
4238,6
4239,17
4240,11
4241,2
4245,2
4246,7
4249,19
4253,2
4257,17
4258,14
4259,7
4261,14
4266,7
4267,12
4273,17
4276,17
4277,12
4285,11
4286,0
4288,4
4292,17
4297,12
4301,18
4302,1
4303,13
4304,3
4306,6
4307,3
4310,18
4313,17
4318,1
4323,13
4327,1
4328,12
4330,4
4331,11
4333,19
4337,14
4338,12
4339,19
4340,12
4341,14
4343,12
4344,11
4345,12
4346,8
4347,18
4349,12
4351,17
4353,1
4357,17
4358,14
4360,18
4361,16
4363,14
4364,0
4365,19
4369,13
4370,14
4371,19
4372,1
4374,18
4376,1
4378,14
4380,2
4384,11
4385,16
4386,13
4387,11
4388,2
4389,11
4397,2
4398,11
4399,11
4401,18
4404,14
4407,12
4408,19
4410,0
4411,5
4412,2
4419,17
4420,16
4425,13
4429,12
4431,12
4437,18
4438,17
4439,11
4440,11
4446,11
4447,18
4451,17
4452,11
4453,13
4454,11
4457,17
4458,9
4459,11
4465,12
4470,12
4472,4
4474,13
4475,1
4476,3
4477,13
4481,13
4488,12
4493,19
4494,3
4498,13
4504,14
4505,18
4510,19
4513,7
4517,16
4518,19
4519,0
4521,17
4523,11
4524,7
4525,7
4536,12
4537,18
4544,6
4551,13
4552,7
4554,16
4555,12
4560,2
4562,4
4574,4
4576,13
4579,13
4581,14
4583,0
4584,13
4585,12
4586,18
4591,13
4592,19
4593,12
4595,7
4600,12
4603,7
4604,12
4605,0
4606,5
4609,7
4610,4
4613,11
4615,18
4617,12
4621,0
4622,12
4623,0
4625,12
4630,19
4632,7
4637,6
4638,6
4640,12
4644,10
4648,13
4649,4
4654,7
4657,4
4659,5
4662,12
4664,7
4665,7
4666,12
4686,6
4687,12
4689,12
4690,12
4691,12
4692,0
4695,6
4697,19
4700,6
4708,13
4711,12
4712,7
4713,12
4714,7
4717,7
4729,17
4732,3
4733,13
4735,12
4739,19
4740,12
4741,6
4742,18
4745,8
4747,3
4748,13
4751,0
4755,4
4756,6
4765,3
4768,18
4772,13
4773,10
4774,0
4775,8
4776,4
4777,1
4779,12
4780,11
4781,12
4785,12
4788,3
4791,17
4792,17
4794,17
4795,12
4796,13
4797,8
4798,18
4801,11
4803,17
4804,19
4805,17
4806,13
4807,19
4809,12
4810,0
4812,18
4814,17
4816,12
4818,0
4819,17
4820,17
4821,11
4827,3
4829,12
4835,7
4841,19
4845,12
4848,19
4850,18
4867,12
4881,9
4884,5
4887,0
4890,13
4892,14
4893,0
4894,0
4898,6
4900,11
4901,14
4903,12
4908,5
4910,18
4911,17
4914,14
4918,5
4920,14
4922,0
4930,14
4933,13
4934,17
4937,5
4938,1
4952,13
4954,14
4955,18
4956,2
4963,19
4964,19
4965,12
4970,13
4972,16
4974,8
4976,18
4981,19
4983,7
4987,6
4990,2
4991,11
4998,11
4999,17
5001,18
5002,7
5012,11
5013,16
5015,14
5018,14
5020,12
5021,2
5029,17
5034,14
5042,19
5043,16
5044,5
5048,8
5050,14
5051,14
5053,11
5054,11
5055,17
5057,7
5058,18
5060,0
5070,12
5071,19
5072,14
5076,14
5077,18
5078,16
5080,18
5081,18
5082,18
5083,2
5084,14
5085,2
5086,2
5089,8
5090,17
5091,13
5092,13
5094,18
5095,3
5097,18
5100,17
5102,12
5105,16
5112,18
5113,12
5114,0
5117,13
5118,7
5119,19
5121,18
5123,12
5125,12
5126,0
5127,12
5128,3
5134,7
5141,18
5146,6
5148,12
5149,19
5154,12
5160,7
5162,7
5167,7
5168,15
5171,12
5172,7
5175,7
5176,7
5177,13
5183,7
5188,1
5190,12
5191,19
5192,15
5194,6
5201,12
5203,19
5207,6
5209,18
5210,6
5212,0
5214,7
5215,6
5216,6
5219,4
5220,6
5222,0
5223,0
5226,12
5228,18
5231,6
5234,12
5235,6
5236,6
5237,12
5238,6
5243,12
5244,19
5245,6
5250,19
5253,6
5255,7
5257,4
5258,15
5260,6
5264,4
5268,7
5269,12
5270,12
5272,19
5273,7
5274,6
5276,13
5278,7
5281,12
5283,13
5286,13
5287,18
5288,7
5291,19
5293,13
5295,19
5296,18
5297,17
5299,5
5300,2
5303,18
5304,18
5308,17
5309,13
5312,4
5313,14
5314,4
5316,16
5317,14
5318,12
5321,8
5323,7
5327,14
5328,19
5330,12
5331,0
5332,5
5334,6
5335,12
5339,3
5340,13
5342,8
5345,7
5346,11
5349,18
5350,18
5351,13
5352,13
5354,14
5355,17
5356,4
5357,13
5358,18
5359,3
5360,18
5363,7
5366,13
5367,17
5371,6
5376,7
5377,12
5379,12
5382,15
5385,13
5389,6
5390,13
5392,12
5394,12
5396,18
5398,18
5402,10
5407,17
5408,7
5409,13
5410,0
5411,13
5414,11
5415,17
5416,14
5417,3
5422,8
5423,12
5426,17
5429,0
5431,18
5437,1
5438,3
5440,13
5441,13
5442,5
5443,0
5444,17
5447,6
5451,17
5452,3
5453,12
5454,13
5455,13
5456,19
5461,16
5464,17
5465,13
5469,13
5470,10
5471,7
5472,12
5473,19
5474,13
5475,14
5477,19
5481,12
5483,17
5491,15
5492,17
5494,17
5495,17
5496,17
5499,12
5500,0
5501,16
5502,11
5505,18
5507,7
5508,6
5511,18
5516,5
5517,18
5520,0
5522,2
5523,6
5525,13
5526,18
5528,2
5530,16
5532,17
5533,18
5535,17
5537,13
5538,14
5540,13
5541,18
5543,14
5544,8
5545,16
5546,2
5555,14
5556,4
5558,18
5559,18
5561,7
5563,0
5564,18
5565,17
5566,3
5567,6
5573,8
5575,3
5576,3
5579,18
5582,17
5583,1
5585,13
5586,0
5592,16
5593,2
5594,4
5595,14
5596,13
5597,19
5598,15
5600,14
5602,14
5603,11
5604,11
5608,18
5609,18
5611,12
5615,18
5617,14
5620,13
5624,16
5627,19
5629,16
5632,17
5641,19
5643,12
5644,18
5647,0
5650,17
5654,14
5657,14
5658,3
5659,18
5660,0
5661,18
5662,11
5663,2
5665,5
5667,13
5669,14
5670,19
5671,13
5672,18
5675,19
5677,17
5678,4
5679,14
5680,3
5682,17
5684,6
5686,19
5687,11
5689,13
5690,12
5692,6
5694,18
5701,11
5707,2
5708,18
5710,12
5711,19
5712,0
5713,13
5716,17
5717,7
5719,19
5720,11
5721,11
5722,11
5723,14
5724,7
5725,14
5727,7
5729,11
5731,17
5732,19
5734,7
5737,12
5738,4
5739,12
5740,13
5741,16
5742,2
5743,18
5744,3
5746,19
5749,17
5750,13
5751,18
5752,7
5755,19
5756,12
5757,5
5758,14
5762,18
5767,6
5780,7
5782,6
5783,12
5787,6
5788,12
5789,12
5796,12
5798,6
5800,19
5805,6
5807,6
5808,7
5810,7
5815,10
5818,18
5819,0
5822,0
5826,7
5827,12
5830,6
5835,0
5849,6
5850,7
5854,19
5858,7
5868,7
5870,12
5873,18
5875,19
5876,18
5879,12
5880,15
5888,19
5889,5
5894,3
5895,7
5898,17
5899,18
5900,12
5901,17
5902,12
5905,0
5906,16
5908,7
5909,12
5910,18
5911,17
5912,4
5913,17
5914,11
5919,12
5922,17
5925,3
5926,4
5930,17
5931,14
5932,18
5934,0
5935,18
5937,18
5938,11
5945,0
5946,18
5947,19
5949,18
5950,17
5951,0
5954,12
5955,13
5958,18
5960,2
5964,7
5965,18
5967,4
5968,16
5969,17
5972,7
5973,7
5974,18
5975,18
5976,16
5977,18
5984,16
5985,12
5986,13
5991,14
5993,3
5994,17
5998,6
6003,18
6005,17
6010,17
6014,1
6017,4
6018,4
6020,19
6023,7
6025,12
6027,13
6030,19
6033,2
6034,7
6035,18
6041,17
6042,16
6043,11
6047,1
6048,17
6051,14
6054,12
6055,17
6056,19
6059,18
6060,12
6065,5
6070,5
6073,3
6075,6
6078,14
6082,13
6083,12
6084,17
6085,13
6086,12
6088,17
6090,12
6091,7
6092,5
6093,19
6094,4
6096,5
6101,12
6102,16
6103,5
6104,3
6105,3
6106,18
6107,17
6111,0
6113,0
6115,4
6119,7
6120,18
6121,18
6123,14
6124,18
6125,7
6128,15
6129,17
6130,17
6134,4
6135,12
6137,12
6138,3
6146,3
6147,3
6149,14
6154,2
6155,11
6157,13
6163,7
6165,4
6166,19
6169,7
6172,17
6173,17
6175,17
6177,7
6178,18
6179,3
6180,13
6181,3
6184,7
6185,17
6186,4
6187,14
6188,19
6189,6
6198,4
6199,18
6201,6
6202,12
6205,2
6208,7
6211,14
6213,3
6214,13
6215,19
6217,0
6218,18
6220,0
6222,13
6223,5
6225,12
6227,16
6231,17
6232,14
6233,17
6234,8
6235,11
6240,3
6242,14
6243,14
6244,16
6246,18
6248,16
6252,11
6254,17
6257,14
6264,12
6267,7
6271,14
6273,17
6274,1
6275,2
6276,13
6277,0
6278,19
6279,17
6280,2
6282,19
6283,17
6287,13
6288,16
6293,3
6295,2
6297,4
6298,16
6299,16
6301,0
6305,2
6306,17
6309,8
6310,14
6311,17
6312,18
6313,16
6315,18
6323,17
6324,2
6325,14
6331,5
6335,10
6337,12
6340,12
6341,4
6346,7
6348,7
6349,4
6350,7
6352,12
6353,6
6356,4
6358,4
6361,12
6368,19
6369,6
6372,4
6373,12
6376,6
6382,7
6384,6
6385,6
6402,5
6407,15
6410,13
6413,19
6414,15
6419,13
6420,16
6422,19
6427,6
6428,12
6430,12
6432,7
6433,13
6434,19
6436,12
6437,8
6438,0
6441,13
6442,19
6445,13
6447,1
6450,12
6453,7
6454,17
6455,17
6456,17
6457,2
6458,16
6460,2
6461,12
6463,19
6465,19
6466,4
6471,12
6473,12
6474,2
6475,17
6476,17
6477,19
6478,18
6481,6
6483,12
6485,4
6486,12
6488,18
6491,17
6493,7
6494,12
6495,17
6496,14
6497,18
6498,18
6499,13
6500,14
6502,12
6503,13
6504,14
6505,17
6506,2
6507,10
6509,11
6511,12
6514,11
6520,14
6521,13
6522,16
6523,17
6524,14
6525,13
6527,13
6528,11
6529,8
6532,13
6533,17
6534,4
6537,12
6538,19
6539,13
6540,8
6541,12
6546,12
6547,0
6549,16
6551,14
6552,14
6556,19
6559,0
6562,18
6568,11
6572,11
6573,14
6575,2
6576,12
6577,13
6578,12
6581,19
6583,10
6586,1
6590,13
6591,8
6592,1
6594,16
6595,7
6597,18
6598,7
6601,10
6603,12
6604,19
6609,17
6612,0
6616,19
6619,6
6620,17
6621,12
6622,0
6629,11
6630,19
6632,12
6635,13
6636,13
6638,0
6639,7
6641,3
6642,17
6647,11
6653,1
6655,18
6657,7
6658,12
6659,13
6661,18
6665,13
6668,14
6669,17
6670,8
6672,16
6673,11
6674,13
6679,14
6680,16
6681,16
6682,18
6683,11
6684,11
6685,2
6686,11
6687,13
6689,13
6694,5
6695,5
6696,17
6697,18
6699,0
6701,16
6702,19
6705,11
6707,19
6708,12
6709,11
6710,18
6711,14
6714,19
6716,7
6719,7
6721,0
6723,18
6725,19
6726,12
6729,17
6730,11
6731,19
6732,0
6733,11
6734,13
6737,12
6738,3
6739,11
6740,12
6741,2
6743,17
6746,7
6747,14
6748,0
6752,12
6757,7
6758,6
6759,8
6761,11
6762,19
6763,18
6764,12
6765,4
6767,13
6770,12
6771,4
6773,2
6774,2
6776,2
6777,2
6778,19
6779,17
6783,16
6784,19
6785,17
6787,8
6788,7
6789,18
6790,4
6791,13
6794,2
6797,18
6799,17
6801,11
6802,2
6807,19
6809,16
6810,18
6811,19
6813,1
6814,16
6815,13
6816,6
6817,5
6818,13
6819,13
6825,11
6827,11
6830,17
6837,3
6840,4
6841,19
6844,19
6846,12
6848,17
6849,13
6850,14
6852,18
6853,18
6855,18
6856,5
6859,17
6860,8
6861,11
6862,13
6863,0
6864,13
6865,17
6866,0
6869,12
6872,6
6873,18
6874,19
6875,11
6877,13
6880,8
6881,2
6884,19
6886,19
6887,19
6888,18
6894,2
6907,18
6908,13
6912,7
6913,19
6914,12
6917,2
6920,6
6922,12
6926,7
6927,12
6928,19
6929,18
6930,13
6931,11
6935,7
6939,0
6941,7
6943,6
6944,7
6951,6
6952,6
6953,19
6957,12
6961,19
6964,6
6965,6
6968,12
6970,6
6972,10
6976,0
6981,0
6982,6
6985,7
6996,12
6998,12
6999,4
7001,12
7003,4
7008,4
7011,7
7012,12
7013,6
7014,6
7020,0
7023,12
7024,7
7027,6
7029,6
7030,19
7031,9
7032,12
7041,13
7045,19
7046,19
7048,16
7049,6
7058,18
7060,13
7061,1
7063,18
7064,19
7065,0
7066,0
7067,19
7068,13
7070,12
7071,15
7072,17
7073,13
7074,4
7075,6
7076,2
7077,11
7078,17
7079,17
7080,0
7083,4
7085,12
7087,19
7088,12
7090,18
7092,16
7093,13
7096,17
7097,12
7100,18
7102,6
7104,12
7107,13
7109,18
7110,18
7111,19
7113,4
7115,3
7119,12
7120,1
7124,7
7128,1
7130,18
7132,11
7133,17
7135,7
7136,19
7139,17
7141,13
7143,12
7146,11
7148,11
7149,13
7154,12
7155,0
7157,17
7158,13
7161,12
7166,18
7167,2
7168,18
7177,12
7184,16
7185,13
7189,18
7190,17
7191,14
7192,17
7193,14
7196,12
7199,18
7209,12
7212,1
7216,0
7217,13
7218,18
7220,12
7221,6
7222,6
7225,18
7226,4
7229,3
7234,18
7235,11
7240,12
7244,4
7245,13
7247,5
7250,11
7253,5
7259,4
7260,12
7261,14
7263,12
7264,1
7266,11
7267,11
7272,3
7275,11
7276,17
7277,11
7278,11
7279,11
7286,11
7287,6
7296,18
7297,11
7302,14
7305,5
7308,12
7310,12
7311,15
7312,7
7314,7
7315,19
7317,18
7319,5
7320,11
7322,0
7323,12
7330,14
7331,17
7332,0
7337,18
7338,3
7341,18
7342,13
7344,6
7346,2
7349,13
7352,19
7353,18
7354,18
7355,12
7358,13
7359,1
7362,18
7363,18
7366,19
7367,12
7370,13
7379,0
7381,0
7382,13
7385,11
7386,18
7388,16
7391,7
7394,12
7398,14
7404,8
7406,18
7407,18
7410,14
7413,11
7421,0
7424,12
7427,0
7428,0
7432,14
7433,19
7437,0
7438,14
7439,14
7441,1
7442,0
7443,19
7444,14
7449,16
7453,19
7455,8
7459,4
7462,16
7464,18
7465,3
7466,16
7468,16
7469,5
7470,19
7472,4
7474,11
7475,13
7476,17
7477,7
7481,19
7482,5
7483,14
7484,18
7487,2
7488,2
7490,5
7491,17
7494,5
7495,3
7496,12
7497,18
7498,2
7500,12
7501,12
7504,18
7505,17
7508,17
7510,7
7512,12
7514,13
7516,14
7517,11
7518,11
7519,11
7520,11
7521,7
7529,7
7531,0
7534,19
7539,12
7541,10
7544,10
7548,0
7552,7
7555,6
7557,6
7558,12
7568,12
7569,12
7570,12
7576,19
7577,6
7583,6
7584,6
7591,6
7593,19
7596,12
7600,7
7603,12
7604,19
7605,7
7609,12
7611,7
7618,13
7620,8
7621,16
7622,11
7626,7
7627,18
7629,18
7631,18
7632,12
7634,17
7635,13
7636,18
7639,13
7642,12
7643,12
7644,12
7647,19
7650,13
7657,2
7659,12
7669,12
7670,13
7672,12
7673,0
7674,6
7676,16
7678,18
7679,19
7681,11
7682,2
7684,12
7686,4
7687,13
7690,18
7693,19
7694,13
7696,13
7698,18
7702,2
7704,19
7707,11
7709,11
7710,12
7715,19
7722,0
7723,3
7725,13
7726,4
7728,17
7729,0
7730,14
7732,11
7733,12
7734,17
7735,3
7736,13
7737,18
7739,8
7746,11
7747,19
7749,13
7752,8
7755,16
7757,10
7761,2
7762,14
7763,13
7765,7
7766,2
7767,6
7768,2
7771,12
7774,16
7776,11
7782,2
7789,13
7790,1
7791,13
7796,19
7797,0
7802,12
7810,19
7813,5
7814,12
7816,19
7817,5
7818,0
7820,12
7821,4
7823,18
7824,19
7825,6
7826,4
7830,3
7831,12
7835,2
7836,4
7837,2
7838,8
7839,12
7840,2
7841,1
7843,17
7845,2
7847,18
7848,18
7850,2
7851,2
7855,19
7861,11
7864,13
7865,19
7866,18
7867,13
7869,10
7870,0
7872,13
7874,19
7875,0
7876,13
7879,0
7880,17
7883,14
7884,17
7887,14
7888,12
7891,18
7893,0
7894,11
7895,18
7896,19
7897,12
7899,12
7901,12
7902,0
7903,0
7907,7
7912,18
7913,2
7914,14
7918,19
7922,17
7928,19
7930,12
7935,13
7937,12
7939,13
7940,13
7942,2
7948,1
7949,18
7950,12
7953,16
7954,3
7955,11
7956,11
7958,11
7961,7
7963,5
7964,0
7966,7
7967,19
7968,19
7970,4
7974,13
7975,13
7977,13
7979,18
7980,0
7983,18
7984,19
7985,19
7987,3
7990,2
7992,5
7993,5
7994,10
7997,13
8000,19
8001,17
8005,4
8007,18
8010,13
8012,18
8015,0
8016,11
8017,3
8020,5
8021,18
8022,0
8023,13
8026,8
8027,16
8028,11
8029,7
8030,3
8032,8
8036,8
8039,0
8040,7
8044,7
8045,13
8047,14
8048,4
8050,0
8051,0
8056,8
8064,12
8068,19
8069,7
8074,12
8080,12
8085,12
8087,10
8089,12
8091,12
8094,6
8096,12
8098,12
8102,7
8103,9
8105,7
8106,7
8109,7
8113,12
8115,13
8117,7
8119,6
8125,4
8126,5
8130,12
8131,12
8134,7
8137,12
8138,0
8141,7
8151,7
8155,4
8160,12
8162,0
8163,0
8167,7
8172,6
8176,12
8177,13
8184,9
8186,7
8193,12
8197,12
8198,12
8199,6
8204,13
8205,13
8209,6
8211,6
8212,6
8214,13
8217,19
8219,16
8220,19
8221,13
8222,13
8224,13
8225,13
8226,4
8227,18
8229,3
8234,12
8236,4
8240,12
8244,7
8246,12
8252,7
8254,17
8255,18
8258,12
8259,18
8262,1
8264,19
8269,11
8270,17
8275,8
8276,13
8286,16
8287,18
8289,14
8291,16
8292,17
8293,13
8294,1
8296,14
8297,16
8298,19
8300,16
8306,19
8309,7
8311,0
8313,4
8314,6
8317,16
8318,17
8320,13
8322,13
8327,5
8331,13
8334,13
8335,14
8337,14
8338,17
8339,14
8340,17
8342,12
8344,12
8347,6
8349,13
8350,1
8351,18
8353,18
8355,18
8359,7
8361,19
8364,17
8366,17
8367,18
8370,18
8373,0
8374,12
8378,11
8388,14
8391,8
8394,3
8396,19
8399,8
8401,19
8405,12
8406,19
8407,17
8409,17
8424,8
8425,14
8426,11
8428,7
8430,19
8432,19
8435,0
8438,19
8441,7
8447,16
8448,16
8449,6
8453,12
8454,18
8457,8
8458,4
8467,5
8472,13
8475,10
8478,12
8479,13
8480,12
8481,8
8487,14
8488,14
8489,0
8490,11
8491,2
8493,12
8496,13
8497,13
8501,11
8502,2
8506,6
8509,13
8510,0
8512,13
8513,13
8514,18
8518,19
8520,17
8521,14
8526,13
8528,17
8530,14
8540,4
8541,0
8543,6
8544,19
8545,18
8546,12
8547,13
8553,12
8554,7
8555,11
8556,11
8558,5
8559,16
8562,13
8563,12
8565,17
8567,18
8569,7
8571,18
8572,19
8577,14
8578,12
8579,8
8580,16
8581,3
8582,8
8588,7
8592,7
8595,0
8598,7
8599,7
8602,7
8606,7
8607,12
8608,7
8610,19
8611,4
8613,12
8614,4
8615,13
8618,13
8619,4
8623,12
8624,6
8628,19
8629,0
8632,12
8635,7
8636,18
8637,12
8641,7
8644,4
8654,6
8656,12
8658,12
8662,7
8663,7
8666,19
8667,7
8668,4
8670,7
8672,19
8674,7
8676,7
8677,12
8678,0
8681,7
8683,6
8684,6
8685,12
8686,7
8688,12
8689,13
8690,18
8691,13
8692,7
8696,12
8699,7
8702,4
8704,13
8707,12
8708,8
8710,12
8711,13
8716,13
8717,13
8722,13
8724,11
8725,7
8726,6
8728,0
8730,18
8731,17
8732,18
8733,13
8734,18
8736,11
8738,17
8740,17
8741,3
8742,14
8745,4
8747,7
8748,12
8750,17
8755,12
8756,19
8757,6
8760,18
8761,0
8765,7
8767,17
8768,19
8771,19
8777,10
8778,13
8780,18
8781,18
8784,13
8785,11
8788,11
8791,13
8793,17
8794,8
8796,7
8797,13
8799,0
8802,12
8806,12
8808,11
8810,17
8814,14
8823,13
8826,17
8829,6
8830,13
8835,19
8836,13
8845,19
8846,13
8849,18
8850,12
8853,13
8855,12
8857,12
8858,17
8859,17
8860,3
8861,19
8863,12
8865,17
8866,0
8868,4
8873,19
8879,14
8880,19
8890,1
8892,3
8893,16
8895,12
8898,11
8899,16
8903,0
8905,1
8906,12
8908,11
8909,19
8912,11
8914,12
8915,14
8916,19
8919,18
8925,17
8928,11
8930,2
8932,13
8935,14
8940,19
8943,12
8944,13
8945,12
8946,17
8947,13
8948,12
8951,19
8956,17
8961,15
8962,13
8965,14
8968,11
8969,8
8970,17
8972,10
8975,5
8976,1
8977,19
8978,15
8979,1
8981,8
8982,7
8986,17
8987,18
8991,7
8992,18
8995,8
8996,18
8997,4
8998,18
8999,1
9003,14
9012,0
9014,19
9015,7
9020,18
9025,18
9027,5
9029,17
9030,13
9031,19
9033,18
9034,8
9040,18
9044,11
9045,18
9047,13
9048,0
9049,17
9051,7
9053,19
9056,11
9059,0
9064,12
9065,12
9066,17
9069,12
9072,12
9074,11
9075,13
9076,7
9081,19
9087,13
9088,13
9090,18
9091,4
9097,3
9098,0
9101,8
9102,18
9103,17
9104,19
9107,6
9108,12
9110,7
9111,17
9113,16
9115,4
9116,11
9117,11
9124,7
9127,4
9133,12
9134,7
9135,0
9139,0
9142,0
9146,6
9147,7
9155,12
9156,12
9158,10
9160,4
9161,18
9163,12
9165,6
9171,6
9172,12
9175,0
9177,4
9178,6
9181,6
9182,6
9184,7
9187,4
9189,4
9190,19
9192,12
9194,19
9196,6
9202,12
9205,19
9206,0
9207,12
9208,12
9210,5
9217,18
9218,12
9220,7
9229,4
9230,19
9231,3
9232,13
9234,19
9235,4
9237,8
9238,17
9239,18
9240,2
9242,12
9246,13
9250,4
9252,18
9253,12
9255,11
9258,18
9259,19
9260,17
9263,17
9265,6
9266,2
9267,4
9268,18
9270,17
9271,11
9272,11
9273,3
9274,17
9277,13
9278,3
9279,7
9280,18
9283,18
9284,18
9285,13
9287,8
9288,19
9293,7
9294,6
9296,19
9299,18
9301,8
9302,19
9305,12
9306,11
9311,17
9312,14
9313,11
9314,12
9315,7
9316,8
9324,18
9326,13
9328,0
9330,18
9332,19
9333,17
9334,14
9335,11
9337,0
9338,12
9339,3
9343,5
9346,17
9348,7
9349,6
9352,19
9354,11
9356,12
9363,13
9364,17
9365,13
9366,17
9369,11
9371,13
9372,4
9373,0
9374,7
9378,17
9381,5
9382,18
9383,18
9385,11
9388,13
9389,14
9392,19
9393,6
9398,7
9399,8
9403,7
9405,17
9408,12
9410,19
9413,5
9414,5
9415,7
9417,10
9422,11
9423,19
9425,14
9427,17
9428,16
9429,3
9431,13
9432,19
9433,6
9434,19
9437,13
9438,18
9441,4
9443,12
9444,17
9445,7
9450,15
9453,6
9454,18
9465,13
9472,5
9473,12
9475,16
9477,11
9478,4
9479,12
9484,0
9486,17
9487,13
9488,19
9489,6
9497,18
9502,3
9503,11
9505,12
9509,7
9510,19
9515,7
9519,17
9525,16
9526,5
9527,13
9530,11
9531,11
9532,7
9535,7
9538,18
9539,5
9543,0
9544,19
9547,11
9549,13
9551,11
9554,7
9556,1
9557,0
9558,17
9559,15
9560,0
9561,18
9562,14
9563,0
9566,14
9570,19
9572,3
9576,4
9577,11
9578,11
9580,11
9582,13
9587,11
9588,11
9590,0
9599,13
9603,12
9604,12
9605,8
9606,3
9607,19
9608,12
9610,8
9611,14
9612,11
9613,11
9618,13
9619,18
9625,14
9628,7
9637,12
9638,12
9640,12
9641,0
9642,5
9644,13
9647,14
9652,16
9654,7
9657,7
9661,19
9668,12
9671,11
9674,7
9675,12
9677,13
9678,3
9680,12
9681,12
9682,17
9689,7
9697,7
9700,6
9704,7
9706,6
9707,10
9712,7
9720,12
9728,10
9733,12
9734,6
9736,0
9738,12
9741,4
9742,12
9744,4
9745,0
9746,12
9752,6
9755,7
9760,6
9761,6
9763,7
9764,12
9769,6
9771,19
9777,7
9779,13
9781,18
9787,6
9792,6
9795,7
9797,7
9799,19
9804,19
9807,14
9809,18
9810,3
9812,6
9814,18
9818,8
9822,12
9825,4
9827,11
9829,6
9833,13
9834,12
9839,14
9841,6
9844,18
9847,7
9850,13
9853,19
9858,12
9860,4
9861,18
9866,12
9867,0
9868,2
9869,0
9872,12
9874,0
9875,11
9878,11
9880,0
9884,0
9891,13
9892,7
9893,18
9894,14
9896,16
9901,2
9902,11
9903,12
9904,13
9905,6
9906,12
9907,12
9909,0
9914,1
9918,13
9920,19
9923,7
9925,18
9926,12
9927,0
9928,18
9929,18
9930,16
9936,11
9937,16
9940,0
9941,13
9943,7
9952,19
9953,15
9954,12
9956,0
9959,13
9961,17
9963,17
9964,17
9965,16
9967,13
9970,16
9971,13
9973,17
9975,12
9976,19
9977,0
9978,7
9981,0
9984,19
9985,4
9988,12
9992,11
9993,11
9994,16
9995,17
10000,0
10002,12
10008,14
10018,18
10023,3
10025,18
10027,14
10032,16
10037,17
10040,14
10041,12
10042,18
10046,16
10048,12
10049,12
10052,18
10053,16
10054,13
10057,18
10058,18
10061,11
10066,19
10067,12
10068,13
10071,12
10074,11
10076,11
10080,7
10083,16
10085,11
10086,19
10088,18
10089,14
10090,18
10092,11
10094,16
10095,19
10096,13
10097,3
10098,18
10099,4
10100,12
10102,18
10105,0
10107,7
10108,17
10109,11
10110,12
10112,18
10114,13
10115,13
10119,17
10122,15
10128,19
10129,19
10130,4
10140,13
10146,18
10155,0
10156,12
10158,18
10162,11
10163,2
10165,14
10171,13
10173,19
10174,17
10180,13
10181,13
10183,0
10185,3
10186,11
10191,12
10192,12
10196,17
10197,12
10200,6
10208,5
10209,7
10211,1
10213,12
10214,18
10216,18
10219,18
10222,13
10224,5
10225,4
10227,14
10233,0
10235,4
10237,13
10238,13
10240,11
10242,11
10243,11
10245,18
10253,14
10254,17
10255,12
10258,19
10261,6
10262,6
10264,7
10265,7
10272,12
10280,1
10282,1
10284,4
10289,6
10291,12
10292,0
10299,7
10302,7
10306,7
10310,19
10311,19
10313,0
10315,6
10318,6
10321,0
10322,6
10324,6
10328,0
10335,13
10338,4
10342,6
10347,7
10348,13
10349,4
10352,7
10354,12
10355,7
10356,6
10358,12
10359,12
10361,5
10367,7
10371,19
10375,7
10377,6
10381,3
10385,6
10387,13
10388,19
10391,12
10393,4
10394,0
10398,6
10402,11
10403,15
10404,13
10411,4
10414,18
10416,0
10418,12
10419,18
10423,13
10427,16
10429,18
10430,1
10431,17
10432,13
10434,0
10435,19
10436,8
10439,11
10440,0
10442,19
10445,19
10446,18
10447,8
10449,15
10453,0
10455,7
10458,18
10459,14
10462,5
10464,7
10467,19
10470,19
10472,13
10473,19
10478,17
10484,11
10498,13
10499,17
10500,16
10505,15
10506,15
10508,12
10509,13
10515,19
10518,18
10524,14
10527,18
10529,4
10530,7
10532,4
10534,16
10538,16
10541,19
10542,11
10544,0
10545,7
10547,13
10548,19
10551,0
10553,6
10555,12
10556,16
10559,12
10561,14
10563,12
10564,17
10565,11
10566,13
10573,17
10584,15
10586,15
10593,12
10594,1
10596,19
10597,16
10598,8
10599,16
10600,16
10601,3
10606,12
10608,7
10609,17
10610,17
10611,17
10612,4
10613,15
10618,12
10619,7
10622,12
10623,7
10625,7
10632,6
10633,7
10634,0
10638,18
10640,7
10642,7
10644,4
10648,0
10661,12
10662,12
10665,7
10674,19
10676,13
10682,6
10687,12
10688,10
10693,12
10694,0
10695,7
10699,10
10702,12
10703,6
10704,12
10708,6
10709,7
10710,0
10714,5
10715,10
10717,12
10721,12
10724,6
10734,12
10737,6
10738,0
10742,19
10743,12
10744,12
10746,6
10748,19
10749,7
10750,12
10752,7
10754,6
10755,12
10756,6
10757,6
10760,15
10767,7
10768,19
10773,12
10774,12
10779,7
10781,7
10784,13
10786,13
10787,12
10788,19
10790,19
10794,19
10796,12
10805,13
10808,7
10809,7
10811,12
10816,18
10817,19
10822,18
10825,6
10826,13
10827,6
10831,19
10832,0
10833,13
10834,19
10839,3
10840,8
10841,0
10843,18
10845,0
10847,19
10848,18
10849,18
10851,17
10853,17
10855,3
10856,14
10864,12
10867,18
10868,18
10870,16
10872,5
10873,0
10874,18
10876,7
10877,18
10879,14
10883,5
10884,16
10885,17
10887,19
10891,17
10892,19
10893,18
10894,13
10895,19
10897,17
10899,19
10901,19
10902,7
10904,19
10905,7
10907,4
10908,5
10909,5
10913,12
10917,17
10918,18
10919,3
10921,17
10922,0
10923,14
10924,17
10925,16
10926,3
10928,5
10941,19
10943,8
10944,0
10946,17
10947,0
10950,5
10959,7
10960,19
10961,18
10962,19
10963,16
10964,14
10966,14
10971,18
10972,17
10973,3
10974,3
10978,18
10980,3
10983,14
10985,19
10988,0
10989,0
10992,19
10998,19
10999,8
11007,7
11015,13
11018,16
11019,14
11025,13
11027,13
11028,14
11029,5
11030,6
11031,3
11034,8
11035,13
11036,14
11039,19
11041,5
11043,12
11046,14
11047,17
11048,7
11049,0
11051,13
11056,19
11057,11
11058,14
11059,0
11060,17
11063,5
11065,7
11074,13
11076,7
11078,5
11086,19
11087,12
11088,18
11090,18
11095,18
11098,11
11100,13
11101,13
11102,12
11103,7
11104,19
11105,13
11106,3
11107,19
11109,4
11111,1
11112,17
11113,0
11115,17
11118,7
11121,19
11123,7
11126,19
11128,14
11132,14
11133,18
11134,19
11136,18
11143,5
11144,13
11145,8
11149,7
11153,14
11154,11
11156,18
11160,6
11161,13
11166,18
11168,4
11171,0
11173,6
11174,12
11175,7
11177,19
11179,6
11181,0
11183,7
11191,6
11192,0
11193,12
11196,18
11197,6
11198,7
11201,18
11202,12
11205,6
11210,19
11211,13
11220,4
11221,10
11222,18
11225,7
11227,4
11228,12
11230,6
11232,19
11234,12
11236,19
11237,18
11239,19
11241,10
11242,12
11243,19
11249,12
11251,12
11252,7
11253,13
11255,0
11256,12
11257,19
11260,7
11265,12
11268,19
11270,0
11271,12
11272,0
11273,7
11274,13
11276,6
11279,12
11282,13
11283,4
11284,12
11285,12
11287,7
11291,6
11292,12
11297,12
11299,13
11300,14
11301,3
11302,8
11305,14
11306,8
11307,17
11308,14
11314,12
11315,12
11317,16
11320,3
11322,7
11324,12
11327,7
11330,7
11333,8
11335,18
11336,17
11338,14
11340,16
11344,12
11348,18
11349,18
11352,7
11354,16
11357,7
11358,13
11359,1
11362,12
11369,19
11370,13
11371,12
11372,15
11373,12
11374,12
11377,1
11378,18
11381,0
11385,12
11386,13
11387,7
11390,7
11393,19
11395,13
11396,18
11397,7
11400,18
11402,13
11403,19
11405,18
11407,14
11413,10
11416,8
11418,0
11424,16
11425,12
11428,11
11429,14
11430,12
11431,19
11433,11
11435,18
11440,13
11441,18
11443,17
11444,7
11446,7
11447,12
11449,5
11450,7
11451,13
11452,8
11455,12
11459,12
11460,12
11461,7
11464,18
11465,18
11468,18
11470,4
11475,4
11476,11
11477,18
11478,17
11479,3
11481,4
11484,19
11487,7
11490,19
11492,12
11494,17
11497,0
11498,7
11499,17
11500,17
11503,17
11504,13
11505,18
11506,13
11508,5
11510,13
11514,13
11515,18
11522,18
11523,12
11526,18
11527,18
11528,4
11529,14
11539,18
11540,8
11543,17
11545,7
11549,3
11550,18
11551,7
11553,18
11555,7
11558,7
11559,19
11563,13
11564,17
11565,16
11566,8
11567,8
11568,8
11569,3
11570,8
11571,11
11572,11
11574,12
11575,13
11578,14
11579,18
11580,7
11587,7
11588,14
11597,12
11598,18
11599,18
11602,5
11614,8
11617,0
11619,18
11621,17
11622,14
11623,18
11627,18
11628,11
11629,17
11630,3
11633,3
11635,4
11636,0
11637,19
11638,18
11639,7
11643,13
11644,8
11649,8
11657,18
11658,7
11661,13
11663,18
11664,17
11666,17
11667,1
11674,18
11679,19
11683,14
11684,14
11685,3
11687,16
11689,16
11690,3
11696,14
11700,8
11705,1
11706,7
11707,19
11708,13
11711,0
11713,8
11714,0
11717,12
11721,4
11722,18
11723,12
11724,8
11725,13
11726,18
11727,17
11728,13
11730,5
11733,17
11734,12
11736,17
11738,5
11743,12
11744,5
11746,12
11748,5
11750,16
11751,18
11752,0
11753,12
11754,14
11755,5
11756,11
11758,3
11763,13
11765,6
11767,0
11768,12
11771,7
11773,6
11787,10
11789,6
11791,12
11793,13
11794,0
11795,6
11798,6
11802,10
11808,18
11811,12
11812,12
11817,9
11822,19
11826,7
11829,12
11830,12
11831,7
11832,12
11833,19
11837,19
11841,12
11843,15
11847,19
11848,9
11850,4
11854,18
11855,4
11858,6
11859,4
11860,12
11861,12
11862,19
11863,12
11864,18
11866,7
11867,13
11872,13
11873,19
11877,14
11878,14
11879,17
11883,0
11884,8
11888,13
11891,12
11892,18
11893,12
11894,6
11895,19
11896,4
11898,8
11900,13
11904,3
11907,9
11908,11
11909,18
11910,18
11913,9
11915,19
11916,19
11920,19
11923,18
11925,5
11930,11
11933,18
11934,9
11940,9
11941,9
11945,19
11946,12
11954,19
11960,9
11962,18
11966,8
11967,14
11968,18
11976,17
11977,17
11978,8
11979,0
11980,17
11981,12
11982,19
11983,18
11989,9
11990,8
11993,14
11994,11
11996,19
11997,18
12001,11
12003,18
12005,4
12010,9
12011,7
12014,17
12016,9
12017,8
12022,17
12024,13
12027,12
12028,12
12031,8
12033,1
12035,16
12036,11
12040,9
12042,17
12044,0
12045,13
12046,19
12048,18
12049,18
12050,13
12053,12
12054,13
12059,0
12061,17
12063,17
12064,11
12067,11
12068,12
12073,12
12077,8
12078,14
12079,14
12080,6
12083,13
12084,19
12085,17
12087,18
12091,9
12093,18
12094,19
12098,17
12101,9
12102,9
12106,5
12110,17
12112,9
12114,11
12115,3
12117,19
12119,11
12122,12
12125,9
12127,12
12128,11
12131,9
12132,18
12133,19
12135,7
12138,5
12146,13
12147,9
12149,8
12150,1
12152,15
12153,3
12154,16
12155,18
12156,13
12159,13
12162,11
12163,14
12164,11
12166,3
12169,14
12171,0
12172,18
12173,19
12176,8
12178,7
12179,7
12182,14
12184,11
12185,11
12186,0
12187,17
12191,18
12195,13
12197,12
12201,19
12202,0
12203,7
12204,17
12205,18
12207,17
12208,7
12211,17
12213,7
12215,18
12216,0
12219,18
12221,0
12222,18
12223,18
12225,18
12226,18
12227,11
12229,9
12231,17
12235,9
12236,18
12237,13
12239,16
12240,3
12244,16
12246,9
12249,9
12250,18
12255,16
12258,8
12259,9
12260,9
12266,8
12270,12
12271,14
12274,9
12276,18
12278,9
12281,13
12286,13
12288,18
12294,14
12296,4
12298,13
12301,11
12302,9
12304,11
12305,13
12306,1
12309,18
12316,9
12317,13
12318,0
12321,19
12331,5
12333,9
12334,17
12336,9
12338,12
12339,18
12340,7
12341,8
12344,19
12345,19
12346,4
12350,18
12351,8
12352,17
12353,8
12355,7
12356,5
12362,8
12364,8
12368,18
12374,18
12378,0
12379,14
12380,8
12382,8
12383,0
12386,18
12389,0
12390,19
12391,8
12394,6
12395,6
12397,12
12398,9
12399,7
12400,19
12409,12
12413,0
12415,12
12423,12
12424,12
12426,12
12432,6
12435,0
12441,19
12442,12
12443,12
12449,13
12454,12
12457,7
12460,12
12461,12
12462,18
12463,4
12464,6
12465,12
12468,7
12469,9
12472,7
12473,7
12480,6
12483,9
12485,13
12487,12
12488,0
12489,12
12490,15
12492,5
12503,13
12504,18
12505,17
12506,16
12507,12
12509,9
12512,19
12514,9
12515,0
12516,14
12517,13
12520,17
12521,0
12523,0
12524,6
12529,13
12531,0
12532,19
12534,12
12538,18
12540,18
12546,12
12550,13
12551,0
12555,7
12557,13
12559,12
12562,14
12563,7
12564,7
12569,16
12570,17
12571,9
12572,16
12573,0
12574,13
12579,13
12580,11
12592,9
12596,17
12600,19
12602,7
12604,7
12605,12
12609,7
12610,5
12613,14
12616,1
12619,1
12620,13
12621,18
12623,7
12624,3
12625,18
12627,9
12628,6
12629,5
12630,10
12631,17
12632,9
12633,19
12636,13
12641,12
12644,19
12645,17
12646,19
12647,12
12648,18
12649,8
12651,12
12652,13
12654,12
12655,7
12657,9
12658,8
12659,14
12660,18
12661,18
12663,18
12664,17
12667,19
12668,18
12672,17
12674,17
12676,5
12677,13
12679,19
12680,7
12681,3
12683,19
12685,18
12687,9
12688,18
12689,12
12690,7
12692,19
12694,9
12696,7
12697,18
12698,18
12699,13
12701,7
12702,13
12703,0
12704,17
12705,14
12706,0
12714,0
12715,3
12716,19
12717,19
12719,5
12721,17
12722,5
12725,7
12731,12
12732,12
12743,6
12748,12
12751,18
12752,6
12755,7
12758,6
12759,12
12760,13
12761,12
12763,7
12767,19
12772,0
12774,9
12775,12
12778,7
12783,4
12785,18
12788,9
12790,7
12791,7
12797,13
12799,12
12803,19
12806,7
12810,18
12813,6
12814,6
12815,12
12818,6
12822,19
12823,12
12824,13
12827,19
12829,1
12830,7
12831,0
12834,13
12836,7
12841,12
12842,7
12843,12
12846,18
12848,12
12852,18
12853,19
12857,12
12858,13
12860,8
12861,12
12862,4
12866,19
12869,17
12874,3
12875,6
12878,0
12880,9
12883,12
12885,0
12886,19
12888,19
12889,18
12890,12
12891,9
12893,4
12897,11
12898,17
12900,18
12901,4
12904,17
12905,19
12908,9
12910,13
12912,9
12914,16
12915,17
12917,19
12919,9
12924,7
12929,13
12933,19
12937,19
12940,19
12949,13
12956,19
12962,11
12963,18
12965,13
12973,5
12974,18
12978,5
12980,12
12981,19
12987,19
12988,18
12992,13
12995,5
12996,5
13003,12
13005,18
13006,11
13007,6
13008,12
13011,18
13014,4
13019,1
13021,12
13023,7
13024,12
13025,8
13026,3
13027,17
13031,17
13032,14
13036,19
13037,0
13039,7
13041,18
13043,13
13045,7
13046,12
13053,6
13054,13
13056,12
13059,11
13060,13
13062,18
13064,3
13067,12
13070,6
13072,12
13077,13
13078,13
13085,5
13089,19
13090,18
13092,17
13093,16
13095,18
13096,12
13103,18
13105,9
13110,14
13113,16
13114,17
13115,12
13116,6
13118,16
13122,17
13124,13
13126,2
13131,16
13136,0
13138,16
13139,18
13141,19
13142,0
13144,12
13151,0
13157,12
13159,0
13163,18
13165,8
13168,12
13170,12
13172,6
13174,18
13175,18
13180,13
13182,5
13184,12
13186,13
13187,0
13188,18
13189,5
13190,12
13191,16
13192,8
13194,5
13195,18
13196,18
13197,18
13199,18
13200,12
13201,12
13203,16
13204,11
13205,12
13206,5
13210,7
13211,5
13212,5
13214,3
13223,11
13224,11
13225,0
13231,9
13236,12
13237,0
13242,12
13243,12
13244,12
13245,12
13247,12
13255,6
13256,0
13258,12
13261,7
13262,9
13263,13
13265,13
13266,6
13269,7
13270,7
13271,15
13274,6
13276,12
13279,7
13280,19
13281,7
13282,6
13286,12
13290,12
13291,6
13292,12
13320,12
13321,9
13333,6
13393,5
13404,13
13435,18
13458,12
13462,15
13471,6
13482,6
13507,7
13530,6
13532,18
13543,9
13552,0
13611,12
13615,17
13633,12
13649,7
13656,0
13688,12
13694,18
13704,18
13708,0
13709,0
13711,19
13714,13
13715,3
13717,17
13721,0
13735,0
13739,0
13753,13
13757,18
13787,5
13790,13
13834,12
13854,17
13870,19
13874,19
13890,4
13900,4
13904,13
13908,7
13946,7
13950,19
13958,12
13966,13
14012,12
14028,19
14055,7
14069,4
14091,17
14093,17
14099,19
14103,14
14131,5
14146,19
14154,19
14156,18
14166,11
14168,11
14177,18
14178,12
14180,3
14199,7
14201,5
14212,12
14220,7
14263,13
14270,12
14282,18
14285,17
14293,7
14298,19
14300,17
14310,19
14313,12
14314,0
14315,19
14316,11
14324,1
14340,12
14389,12
14393,0
14394,5
14395,12
14402,11
14417,10
14418,12
14423,19
14427,17
14440,12
14476,18
14485,19
14499,18
14504,13
14506,13
14516,17
14517,17
14524,16
14525,17
14537,19
14539,13
14540,16
14542,12
14544,18
14545,11
14547,11
14549,11
14550,11
14551,11
14563,18
14569,8
14573,0
14582,13
14586,11
14587,19
14604,18
14619,5
14622,17
14623,5
14626,0
14629,13
14630,14
14642,9
14646,16
14666,0
14672,0
14679,19
14697,0
14715,18
14729,18
14736,13
14739,7
14744,14
14751,11
14752,1
14755,4
14757,12
14761,18
14771,6
14785,12
14805,19
14818,7
14826,7
14828,19
14839,12
14842,19
14843,7
14859,13
14860,4
14865,19
14867,12
14872,0
14873,19
14875,19
14876,4
14881,7
14885,12
14886,18
14888,12
14900,13
14903,12
14904,7
14907,18
14909,7
14911,12
14912,7
14918,6
14921,12
14922,12
14923,7
14926,6
14930,6
14932,13
14933,0
14934,11
14941,7
14949,18
14954,17
14957,12
14959,12
14960,17
14962,4
14963,14
14967,0
14968,17
14969,3
14970,17
14971,17
14974,6
14975,0
14978,12
14981,17
14982,7
14983,17
14984,0
14985,17
14987,12
14988,12
14993,0
14995,14
14998,17
15000,17
15001,18
15002,17
15004,18
15005,19
15006,17
15012,11
15013,12
15017,6
15020,13
15023,3
15024,19
15026,10
15027,17
15028,17
15029,18
15031,18
15032,11
15037,18
15045,6
15048,18
15049,12
15052,19
15053,4
15055,13
15056,8
15060,13
15061,18
15062,17
15065,3
15067,3
15077,11
15078,11
15079,4
15082,11
15090,17
15091,19
15093,0
15094,8
15095,15
15096,12
15103,0
15104,8
15107,0
15109,17
15110,7
15111,19
15118,11
15119,18
15120,18
15121,18
15122,13
15126,17
15128,13
15130,14
15136,4
15138,19
15141,4
15144,17
15145,8
15146,18
15149,19
15152,14
15153,16
15154,7
15156,12
15157,11
15161,7
15162,13
15171,7
15175,17
15179,12
15180,17
15188,14
15189,8
15190,1
15193,11
15194,12
15197,11
15198,7
15200,12
15204,18
15205,17
15207,17
15208,11
15210,18
15211,17
15213,19
15217,19
15221,17
15223,7
15226,12
15227,0
15230,12
15233,17
15234,12
15239,13
15240,0
15244,19
15246,7
15247,10
15250,0
15253,12
15255,12
15258,11
15259,16
15263,0
15264,19
15265,17
15270,19
15274,19
15276,5
15278,18
15280,13
15281,13
15283,11
15292,13
15294,12
15295,8
15296,0
15299,11
15300,11
15303,12
15306,12
15307,16
15308,19
15309,13
15310,7
15311,19
15312,18
15314,19
15315,14
15321,10
15324,5
15325,0
15326,10
15327,16
15329,19
15335,13
15336,17
15337,18
15345,19
15348,10
15349,13
15352,12
15354,14
15356,10
15357,12
15359,17
15363,19
15365,6
15366,19
15368,19
15380,4
15384,12
15386,6
15387,4
15389,0
15391,10
15394,12
15396,19
15397,10
15404,19
15406,10
15410,9
15411,7
15413,12
15415,18
15417,12
15421,12
15425,13
15427,4
15429,10
15430,6
15438,6
15446,18
15447,12
15448,18
15450,12
15451,6
15453,12
15457,11
15459,4
15462,6
15464,19
15467,12
15468,0
15471,12
15476,17
15477,14
15478,19
15479,18
15481,12
15482,14
15484,12
15485,12
15489,1
15494,19
15495,17
15496,11
15501,13
15510,18
15511,13
15515,1
15521,3
15523,0
15527,12
15528,18
15540,12
15545,19
15547,0
15548,17
15550,9
15551,12
15553,18
15558,3
15559,17
15560,9
15561,18
15565,18
15569,13
15570,17
15571,13
15575,12
15578,9
15579,9
15580,19
15581,12
15584,13
15585,13
15590,17
15591,19
15593,13
15594,4
15595,5
15596,19
15597,13
15598,0
15600,5
15601,17
15602,13
15605,13
15610,9
15613,17
15616,18
15617,7
15621,12
15623,19
15626,4
15629,19
15632,17
15636,12
15637,11
15639,19
15640,4
15641,0
15653,7
15655,13
15656,7
15664,19
15666,12
15667,17
15668,17
15669,17
15672,12
15674,0
15679,16
15680,10
15682,5
15688,11
15691,0
15692,4
15694,12
15695,17
15698,13
15702,11
15703,0
15704,3
15707,11
15708,11
15709,11
15713,19
15715,4
15717,18
15719,17
15723,10
15729,3
15732,3
15733,14
15736,13
15739,12
15753,10
15757,17
15759,11
15762,0
15768,0
15769,16
15772,17
15777,16
15778,18
15780,11
15782,1
15785,18
15790,17
15797,14
15800,10
15801,19
15803,12
15804,12
15807,17
15808,18
15810,19
15811,12
15816,0
15819,17
15821,3
15822,10
15823,3
15831,18
15832,10
15833,10
15834,3
15840,7
15841,0
15851,3
15861,13
15878,13
15879,18
15881,4
15885,19
15886,17
15888,17
15889,17
15892,18
15894,13
15896,17
15897,11
15898,18
15899,17
15900,18
15901,11
15902,11
15908,1
15909,1
15912,13
15913,7
15914,0
15918,13
15920,19
15930,11
15932,12
15933,11
15934,11
15939,7
15944,4
15950,0
15951,12
15956,12
15959,18
15961,12
15963,18
15964,12
15967,0
15968,13
15969,10
15970,18
15979,12
15980,4
15981,17
15984,16
15985,3
15987,0
15988,12
15989,0
15993,13
15995,19
15996,0
15997,5
16003,11
16005,6
16006,12
16013,17
16015,17
16016,16
16021,5
16022,3
16023,13
16026,5
16029,5
16030,8
16037,19
16041,18
16045,14
16052,0
16055,8
16063,6
16074,9
16075,12
16076,12
16077,12
16086,0
16088,7
16091,6
16093,12
16094,7
16095,7
16096,6
16097,12
16098,6
16100,6
16103,12
16110,18
16112,13
16115,6
16117,13
16119,12
16120,9
16122,18
16123,18
16125,6
16126,6
16130,7
16133,0
16134,6
16136,5
16139,7
16140,19
16141,4
16143,12
16145,5
16148,12
16149,19
16150,9
16152,0
16155,19
16159,0
16163,13
16170,18
16171,12
16173,0
16175,4
16176,19
16177,12
16179,12
16185,18
16188,6
16196,12
16197,6
16201,12
16202,3
16203,13
16206,17
16207,4
16210,19
16211,13
16212,6
16213,12
16214,7
16215,7
16216,13
16219,8
16221,17
16230,17
16232,18
16233,19
16234,3
16241,12
16244,14
16246,10
16247,5
16251,0
16252,0
16256,7
16257,7
16258,19
16262,13
16263,4
16264,6
16266,17
16269,4
16274,9
16275,4
16277,19
16278,19
16279,18
16282,6
16283,4
16284,3
16285,18
16286,19
16287,19
16288,18
16294,10
16297,17
16299,17
16300,18
16304,9
16307,19
16311,4
16312,0
16315,10
16317,17
16318,12
16319,17
16324,10
16327,19
16331,12
16332,19
16336,0
16337,16
16339,13
16342,14
16343,0
16346,14
16347,3
16348,14
16350,4
16354,19
16357,7
16359,6
16360,1
16363,4
16365,3
16367,0
16369,0
16370,19
16371,17
16374,3
16376,17
16377,17
16380,10
16385,17
16386,17
16388,17
16390,11
16392,11
16393,11
16394,18
16395,5
16396,18
16398,13
16399,0
16400,16
16401,11
16403,13
16404,18
16405,3
16407,9
16409,13
16410,17
16415,6
16417,17
16419,13
16420,19
16421,1
16422,16
16424,4
16427,5
16428,17
16429,6
16430,12
16432,16
16434,0
16437,11
16441,14
16442,12
16443,13
16444,5
16448,17
16449,18
16450,19
16454,1
16457,13
16458,17
16459,18
16460,18
16461,17
16463,18
16465,18
16468,11
16469,11
16470,11
16471,11
16472,11
16473,11
16475,13
16476,17
16478,17
16479,18
16480,14
16481,0
16486,17
16487,10
16488,18
16490,4
16492,3
16493,18
16495,0
16496,0
16502,18
16505,12
16510,19
16512,19
16513,19
16518,11
16521,18
16522,17
16523,18
16527,0
16531,18
16533,1
16538,17
16545,10
16546,10
16549,18
16551,17
16554,17
16555,19
16561,14
16563,18
16568,13
16569,4
16570,18
16574,0
16577,19
16583,13
16584,4
16585,10
16587,3
16588,7
16589,0
16590,8
16591,5
16592,17
16597,19
16598,17
16600,0
16602,8
16604,0
16607,12
16608,17
16611,0
16615,10
16619,1
16621,19
16622,19
16623,4
16625,17
16628,4
16633,17
16635,4
16636,7
16638,9
16641,4
16642,17
16644,0
16645,17
16646,12
16648,18
16649,12
16650,0
16651,19
16652,12
16653,11
16654,17
16655,17
16656,13
16658,7
16662,4
16663,18
16664,10
16665,8
16667,5
16668,4
16670,10
16672,17
16675,5
16676,18
16677,18
16678,11
16679,11
16680,13
16681,6
16684,5
16685,5
16687,17
16688,19
16695,19
16698,10
16700,5
16705,17
16706,18
16707,19
16708,17
16710,19
16711,0
16714,18
16715,17
16717,11
16718,0
16719,16
16723,7
16725,10
16726,11
16727,13
16734,12
16735,4
16737,13
16739,12
16740,6
16745,7
16747,7
16749,12
16750,12
16755,6
16761,19
16762,7
16770,12
16774,12
16777,7
16779,6
16783,6
16787,12
16788,7
16792,13
16794,7
16795,17
16796,18
16797,17
16798,8
16799,17
16800,17
16801,17
16802,17
16803,17
16804,8
16806,3
16807,16
16808,16
16809,17
16810,17
16811,19
16812,17
16813,17
16814,17
16815,17
16816,17
16817,8
16818,17
16819,17
16824,0
16825,17
16826,0
16833,7
16834,11
16835,11
16836,11
16837,11
16838,11
16839,11
16848,14
16850,16
16851,12
16852,7
16856,7
16858,17
16865,4
16868,19
16871,12
16872,5
16873,5
16874,5
16875,12
16884,11
16885,0
16886,8
16888,14
16890,17
16893,0
16903,12
16908,0
16909,17
16910,17
16911,16
16912,14
16913,10
16916,17
16917,19
16918,16
16921,17
16922,18
16923,5
16925,18
16926,7
16929,7
16932,7
16935,7
16939,6
16941,0
16946,12
16950,6
16953,18
16955,12
16957,7
16961,0
16962,19
16963,19
16964,7
16968,7
16969,0
16970,7
16973,7
16975,19
16978,0
16979,13
16981,7
16983,18
16985,7
16986,0
16987,6
16989,7
16992,18
16993,7
16995,12
16997,12
17000,13
17001,18
17003,12
17004,13
17005,12
17007,0
17011,19
17012,18
17015,18
17023,12
17025,5
17027,6
17028,7
17031,4
17032,4
17034,10
17035,14
17036,12
17037,8
17038,12
17039,12
17042,6
17048,13
17052,9
17053,5
17054,12
17058,12
17059,7
17062,6
17067,13
17071,12
17073,12
17074,7
17075,7
17076,13
17077,12
17081,13
17082,18
17083,7
17084,7
17086,13
17089,0
17095,13
17097,7
17098,5
17099,12
17103,12
17113,13
17115,5
17117,12
17123,12
17127,18
17128,7
17134,19
17140,12
17146,19
17148,12
17151,13
17152,7
17155,7
17156,12
17157,7
17163,19
17164,19
17168,19
17169,0
17171,18
17174,12
17178,5
17180,0
17182,5
17184,13
17186,0
17191,9
17194,7
17196,12
17199,7
17201,7
17206,12
17212,13
17216,7
17221,18
17223,6
17224,12
17233,12
17236,7
17239,12
17241,12
17245,7
17246,12
17247,6
17248,12
17250,13
17251,6
17254,7
17256,7
17258,12
17260,12
17264,19
17269,7
17273,12
17274,7
17275,6
17277,7
17279,7
17282,7
17284,12
17285,12
17289,7
17291,7
17292,12
17298,7
17301,12
17302,12
17304,7
17305,7
17306,12
17314,19
17315,18
17316,7
17317,19
17318,12
17328,6
17329,7
17330,12
17333,19
17334,12
17335,7
17338,7
17340,19
17341,13
17342,19
17343,19
17346,7
17347,12
17349,18
17352,7
17359,12
17364,19
17365,7
17372,12
17384,6
17403,12
17405,7
17406,7
17408,13
17411,19
17412,18
17417,12
17419,7
17429,12
17431,7
17432,7
17433,12
17434,12
17436,12
17440,10
17442,6
17448,12
17449,7
17452,12
17457,19
17462,12
17470,12
17478,7
17479,13
17488,19
17489,17
17491,18
17499,15
17502,13
17506,13
17507,12
17511,7
17513,13
17518,18
17519,12
17523,18
17529,19
17538,13
17540,18
17543,17
17544,17
17545,17
17547,17
17551,18
17554,11
17556,17
17558,16
17559,0
17562,13
17568,15
17569,18
17573,12
17574,13
17576,5
17579,18
17589,19
17593,12
17595,13
17596,19
17597,18
17601,12
17607,14
17612,13
17616,17
17617,17
17618,12
17619,10
17622,13
17625,13
17630,17
17632,13
17633,6
17640,5
17643,19
17644,0
17651,5
17652,19
17655,17
17659,18
17660,17
17661,16
17666,18
17671,13
17672,14
17673,18
17674,7
17677,18
17682,19
17685,14
17687,19
17688,19
17694,18
17700,12
17701,19
17703,1
17706,18
17707,15
17710,18
17712,17
17716,18
17719,18
17723,19
17728,5
17738,18
17746,13
17748,12
17749,18
17751,17
17752,19
17753,17
17758,9
17760,13
17763,13
17766,18
17770,18
17771,12
17773,8
17775,19
17776,13
17777,5
17780,7
17782,19
17784,5
17785,5
17787,18
17788,14
17791,16
17795,3
17798,19
17802,17
17808,1
17809,18
17810,19
17811,14
17812,13
17813,12
17816,13
17822,18
17825,0
17829,13
17834,4
17835,18
17837,5
17839,13
17847,19
17848,16
17849,19
17853,18
17857,13
17860,13
17863,19
17864,13
17866,13
17867,18
17870,13
17872,13
17873,13
17874,12
17875,0
17876,12
17877,7
17887,10
17892,12
17896,12
17899,13
17900,4
17901,4
17906,12
17907,19
17911,12
17915,12
17922,4
17923,12
17925,12
17929,19
17930,12
17933,0
17943,7
17948,12
17950,12
17952,9
17956,5
17957,5
17958,19
17960,12
17963,19
17964,4
17965,1
17967,14
17968,19
17972,17
17973,18
17975,16
17978,13
17979,7
17980,7
17981,18
17986,19
17988,17
17993,12
18001,19
18009,6
18014,15
18017,13
18028,17
18029,13
18036,12
18037,19
18038,18
18040,19
18048,4
18050,7
18052,4
18061,0
18062,17
18065,17
18066,12
18068,17
18071,7
18075,12
18079,18
18080,19
18085,7
18093,12
18095,12
18096,10
18101,18
18104,7
18108,12
18109,6
18111,19
18120,17
18135,12
18138,12
18145,19
18148,7
18149,19
18152,4
18155,17
18157,18
18158,17
18160,7
18166,16
18176,19
18180,17
18182,5
18186,7
18187,19
18188,19
18205,5
18210,13
18222,15
18223,5
18225,19
18229,13
18231,7
18234,19
18236,12
18238,18
18239,18
18242,17
18243,3
18249,17
18252,0
18254,12
18257,12
18258,3
18271,12
18280,19
18283,17
18294,17
18300,5
18302,12
18303,17
18307,14
18308,16
18309,17
18313,18
18321,12
18323,12
18326,17
18328,12
18332,12
18334,5
18336,18
18339,0
18342,18
18351,18
18354,4
18355,0
18356,0
18357,7
18360,7
18362,9
18371,12
18372,12
18374,9
18375,12
18383,12
18387,19
18388,19
18389,12
18392,19
18394,19
18396,12
18397,12
18399,7
18402,19
18407,12
18415,12
18418,7
18419,12
18421,7
18423,12
18426,12
18429,6
18430,0
18432,6
18433,6
18435,0
18437,6
18438,12
18443,12
18445,12
18448,7
18455,12
18456,7
18459,7
18465,9
18467,12
18470,18
18472,7
18479,13
18481,10
18483,4
18487,6
18488,9
18490,12
18493,6
18495,10
18497,4
18504,12
18514,4
18519,12
18520,9
18523,19
18527,6
18530,12
18531,12
18539,6
18549,9
18554,13
18557,7
18563,4
18564,9
18566,5
18567,19
18570,12
18575,19
18576,12
18577,12
18585,13
18590,5
18591,14
18592,12
18595,9
18600,13
18602,17
18604,12
18605,18
18606,14
18610,17
18616,12
18621,7
18627,4
18638,13
18646,4
18648,3
18654,19
18658,18
18660,13
18663,13
18667,19
18674,12
18682,12
18686,18
18688,12
18689,12
18698,13
18699,4
18703,17
18708,8
18713,16
18718,17
18719,14
18721,17
18728,13
18730,18
18732,17
18736,13
18738,19
18746,7
18749,6
18751,12
18752,19
18754,13
18765,13
18768,19
18769,1
18773,12
18774,12
18778,19
18783,19
18795,13
18810,13
18811,12
18816,17
18828,3
18830,14
18832,16
18835,12
18840,13
18842,18
18849,12
18851,7
18859,18
18860,12
18861,12
18863,13
18865,7
18867,7
18870,17
18875,3
18882,19
18895,18
18898,18
18904,0
18906,19
18910,18
18920,12
18921,13
18922,19
18930,12
18938,13
18951,12
18952,18
18953,17
18955,16
18962,13
18963,12
18975,13
18986,5
18988,5
18992,7
18994,6
18995,6
18997,16
19006,19
19009,1
19017,6
19022,9
19029,4
19033,7
19037,6
19041,6
19042,19
19044,6
19045,10
19050,0
19053,10
19062,7
19069,7
19073,13
19081,6
19087,19
19092,19
19097,12
19113,18
19122,6
19127,19
19128,7
19136,13
19137,5
19142,8
19155,19
19159,18
19163,19
19167,7
19170,17
19171,17
19174,4
19178,16
19180,18
19181,18
19191,12
19193,13
19198,6
19199,7
19208,18
19238,12
19241,7
19254,4
19255,7
19256,13
19258,5
19262,19
19263,13
19267,14
19270,5
19272,12
19273,12
19280,18
19283,19
19285,7
19286,12
19290,19
19291,12
19293,7
19294,1
19297,18
19304,16
19307,19
19308,17
19312,18
19318,12
19325,19
19329,13
19331,19
19334,18
19341,18
19343,12
19344,18
19351,12
19357,3
19359,19
19360,5
19364,13
19365,16
19368,5
19369,17
19373,19
19374,14
19375,16
19377,7
19378,19
19379,18
19380,19
19381,13
19383,18
19386,18
19387,7
19409,0
19410,16
19411,13
19412,12
19418,0
19419,13
19420,18
19422,3
19424,3
19426,19
19427,17
19428,5
19432,12
19433,12
19435,5
19440,16
19441,5
19447,19
19448,5
19450,3
19451,5
19453,19
19459,14
19462,13
19464,13
19466,16
19470,13
19473,12
19474,16
19475,17
19478,12
19480,12
19482,5
19483,12
19489,12
19491,12
19492,12
19499,7
19500,15
19505,12
19506,7
19507,12
19509,7
19510,12
19511,12
19512,6
19515,10
19529,9
19539,0
19540,7
19546,7
19556,12
19557,7
19559,7
19560,0
19561,4
19562,10
19571,10
19572,0
19625,6
19635,18
19639,14
19642,4
19644,3
19645,19
19647,1
19648,3
19649,13
19650,1
19651,16
19653,6
19654,5
19655,3
19657,17
19658,12
19663,19
19666,5
19667,17
19674,17
19679,13
19680,17
19681,18
19683,13
19690,13
19697,18
19699,19
19702,19
19703,19
19704,17
19710,17
19711,18
19712,14
19713,18
19719,18
19723,17
19727,19
19731,12
19732,19
19734,18
19737,18
19742,1
19744,13
19745,17
19751,13
19758,13
19760,13
19761,1
19762,19
19763,18
19766,13
19767,0
19769,19
19773,12
19775,12
19780,5
19781,12
19784,16
19786,19
19787,3
19788,10
19790,14
19796,18
19799,13
19802,19
19803,17
19807,7
19808,19
19810,6
19812,16
19815,8
19823,18
19826,18
19828,12
19830,18
19831,18
19832,12
19833,13
19837,18
19839,19
19844,7
19850,17
19854,3
19856,18
19860,18
19862,14
19864,18
19865,17
19866,19
19870,19
19874,5
19880,5
19882,7
19887,17
19890,0
19892,19
19895,19
19902,12
19906,13
19912,13
19913,19
19915,17
19927,18
19930,0
19933,8
19935,18
19943,12
19946,13
19950,12
19955,12
19957,14
19959,13
19962,13
19963,5
19964,12
19966,17
19968,12
19975,0
19978,17
19981,13
19983,18
19984,5
19986,6
19989,12
19993,12
19998,12
20001,7
20005,15
20008,7
20012,7
20013,12
20021,12
20025,6
20034,12
20035,19
20037,18
20038,7
20039,12
20048,7
20058,12
20071,12
20080,7
20087,7
20089,7
20090,12
20095,7
20105,17
20112,17
20114,13
20117,4
20118,17
20119,8
20129,3
20132,4
20135,8
20137,13
20138,3
20140,17
20142,13
20151,10
20159,9
20161,10
20165,4
20166,4
20168,1
20170,10
20174,1
20176,3
20180,3
20181,4
20186,7
20187,1
20189,4
20191,1
20195,17
20206,4
20207,17
20210,19
20213,4
20215,17
20216,13
20217,1
20220,4
20221,17
20223,4
20226,1
20228,4
20233,10
20234,17
20235,4
20237,3
20241,1
20247,6
20249,10
20251,17
20252,4
20255,1
20256,4
20257,17
20259,7
20261,12
20262,12
20264,7
20266,4
20269,4
20270,12
20273,10
20274,3
20278,17
20279,3
20284,17
20286,1
20291,1
20298,5
20299,1
20300,1
20302,17
20304,1
20308,14
20309,10
20310,17
20311,5
20314,17
20319,3
20321,13
20324,1
20328,19
20332,1
20334,10
20337,4
20339,4
20340,3
20341,19
20344,1
20348,12
20352,18
20353,17
20357,17
20358,1
20363,3
20364,17
20365,4
20367,4
20368,4
20370,17
20371,17
20372,17
20373,17
20374,14
20376,17
20377,9
20378,4
20379,13
20380,14
20381,14
20382,12
20384,1
20385,17
20386,17
20388,17
20391,4
20392,1
20393,10
20395,17
20396,5
20398,0
20400,17
20401,3
20407,3
20409,7
20412,10
20414,4
20415,17
20419,14
20420,13
20421,17
20432,16
20438,17
20439,7
20440,17
20442,4
20443,1
20446,4
20448,17
20450,17
20453,8
20455,4
20457,5
20459,7
20463,4
20465,12
20467,19
20468,3
20469,7
20470,17
20471,17
20473,17
20474,12
20476,17
20479,17
20480,14
20485,13
20488,17
20489,19
20490,17
20493,3
20494,10
20496,12
20497,4
20498,17
20499,17
20502,17
20507,14
20514,11
20515,14
20517,8
20523,17
20525,19
20527,17
20529,1
20531,17
20532,12
20533,1
20535,4
20545,17
20546,8
20548,4
20552,5
20557,1
20558,17
20561,17
20562,17
20564,17
20566,17
20567,14
20569,10
20583,17
20584,18
20586,17
20593,17
20596,17
20598,8
20600,14
20605,17
20606,17
20618,13
20624,7
20628,1
20630,4
20632,7
20634,8
20639,1
20640,17
20641,18
20646,16
20648,4
20650,17
20651,8
20652,17
20653,12
20654,17
20655,14
20657,16
20658,17
20660,17
20662,19
20667,12
20668,3
20669,14
20670,16
20671,4
20672,17
20673,14
20679,13
20680,17
20682,0
20685,8
20693,19
20695,17
20698,13
20699,18
20706,1
20708,14
20709,13
20711,17
20712,14
20715,4
20719,12
20721,13
20725,12
20728,4
20734,13
20735,17
20736,14
20744,13
20746,16
20747,17
20753,8
20757,0
20766,5
20767,17
20768,17
20769,7
20770,3
20771,4
20773,13
20775,18
20776,4
20778,12
20779,17
20784,4
20787,7
20791,10
20792,18
20793,14
20794,3
20795,7
20797,5
20798,17
20800,17
20801,17
20802,16
20803,17
20804,14
20807,10
20811,13
20812,17
20813,4
20814,17
20817,17
20822,1
20824,13
20825,4
20826,10
20829,7
20833,4
20834,12
20835,18
20836,4
20837,10
20838,17
20840,19
20865,7
20869,7
20878,7
20879,14
20883,8
20885,4
20887,18
20888,17
20893,12
20894,17
20896,1
20898,13
20900,17
20902,12
20904,4
20905,5
20907,12
20909,7
20910,8
20913,17
20915,4
20917,5
20918,10
20919,13
20920,17
20922,12
20925,12
20926,17
20927,14
20930,17
20931,3
20932,17
20936,13
20937,4
20938,8
20943,17
20945,5
20946,0
20947,3
20949,8
20954,10
20959,7
20968,3
20969,17
20972,17
20973,4
20974,17
20975,17
20976,14
20982,19
20983,17
20984,17
20988,4
20989,12
21000,13
21007,19
21012,17
21014,4
21016,10
21017,17
21018,12
21019,12
21022,17
21023,7
21028,1
21030,19
21031,12
21032,4
21034,14
21036,3
21037,17
21038,17
21039,18
21040,5
21041,13
21042,17
21044,4
21045,17
21046,19
21047,14
21049,17
21050,0
21051,19
21053,17
21055,4
21060,0
21065,7
21067,13
21071,5
21073,5
21076,12
21077,4
21078,12
21081,4
21093,13
21095,4
21097,19
21100,17
21103,3
21105,17
21106,14
21109,10
21112,14
21113,10
21114,17
21117,4
21122,12
21123,0
21128,12
21129,19
21130,12
21131,7
21132,17
21133,18
21134,19
21135,17
21136,17
21138,12
21140,13
21142,3
21143,0
21146,10
21148,17
21164,3
21165,17
21166,17
21173,17
21175,14
21176,14
21177,19
21178,14
21179,1
21181,17
21182,17
21187,12
21189,17
21190,17
21191,17
21192,16
21193,14
21194,17
21195,17
21196,16
21197,12
21199,4
21201,19
21202,7
21203,16
21205,17
21206,17
21208,14
21209,3
21210,12
21211,4
21214,14
21215,3
21218,1
21219,17
21221,17
21222,16
21224,14
21227,17
21228,5
21232,17
21233,14
21234,17
21236,17
21237,17
21238,3
21240,4
21242,14
21244,3
21248,1
21251,12
21252,17
21253,18
21254,4
21255,17
21256,17
21257,17
21259,4
21260,1
21261,19
21262,17
21264,4
21265,4
21266,4
21267,13
21271,17
21272,17
21275,1
21277,12
21278,13
21281,17
21283,14
21285,12
21286,14
21287,5
21291,19
21292,13
21293,12
21295,14
21297,0
21298,17
21300,14
21301,18
21302,1
21303,7
21308,4
21315,4
21318,13
21319,5
21321,12
21322,3
21324,1
21325,4
21330,4
21333,7
21336,1
21337,8
21339,12
21342,12
21343,7
21346,4
21350,17
21352,17
21354,4
21356,10
21357,13
21358,12
21359,1
21360,4
21362,4
21363,13
21369,12
21371,7
21372,11
21373,4
21376,13
21378,10
21382,13
21385,4
21386,4
21387,18
21388,10
21391,7
21393,5
21394,12
21401,19
21403,10
21404,13
21405,17
21406,14
21408,5
21411,5
21412,1
21413,4
21414,4
21415,4
21416,4
21419,13
21429,5
21430,3
21431,1
21435,4
21436,4
21437,4
21441,4
21447,14
21448,3
21451,4
21453,17
21454,18
21455,17
21460,14
21462,18
21466,19
21469,12
21474,17
21477,12
21479,4
21480,17
21488,16
21489,17
21490,4
21491,12
21501,7
21502,12
21503,0
21512,12
21517,12
21521,7
21523,12
21532,6
21536,12
21538,5
21539,12
21541,7
21550,19
21551,10
21553,10
21556,12
21562,0
21565,12
21567,7
21568,12
21571,5
21574,7
21576,12
